

Microchip MPLAB XC8 Assembler V2.05 build -831301201 
                                                                                               Mon Oct 21 21:09:37 2019

Microchip MPLAB XC8 C Compiler v2.05 (Free license) build 20181220022703 Og1 
     1                           	processor	18F8722
     2                           	fnconf	rparam,??,?,0
     3                           	opt	pw 120
     4                           	opt	flic
     5                           	psect	smallconst,global,reloc=2,class=SMALLCONST,delta=1,noexec
     6                           	psect	nvCOMRAM,global,class=COMRAM,space=1,delta=1,noexec
     7                           	psect	cinit,global,reloc=2,class=CODE,delta=1
     8                           	psect	bssCOMRAM,global,class=COMRAM,space=1,delta=1,noexec
     9                           	psect	cstackCOMRAM,global,class=COMRAM,space=1,delta=1,noexec
    10                           	psect	text0,global,reloc=2,class=CODE,delta=1
    11                           	psect	text1,global,reloc=2,class=CODE,delta=1
    12                           	psect	text2,global,reloc=2,class=CODE,delta=1
    13                           	psect	text3,global,reloc=2,class=CODE,delta=1
    14                           	psect	text4,global,reloc=2,class=CODE,delta=1
    15                           	psect	intcodelo,global,reloc=2,class=CODE,delta=1
    16                           	psect	text6,global,reloc=2,class=CODE,delta=1
    17                           	psect	text7,global,reloc=2,class=CODE,delta=1
    18                           	psect	intsave_regs,global,class=BIGRAM,space=1,delta=1,noexec
    19                           	psect	rparam,global,class=COMRAM,space=1,delta=1,noexec
    20                           	psect	temp,global,ovrld,common,class=COMRAM,space=1,delta=1
    21  0000                     
    22                           ; Version 2.05
    23                           ; Generated 20/12/2018 GMT
    24                           ; 
    25                           ; Copyright © 2018, Microchip Technology Inc. and its subsidiaries ("Microchip")
    26                           ; All rights reserved.
    27                           ; 
    28                           ; This software is developed by Microchip Technology Inc. and its subsidiaries ("Microch
      +                          ip").
    29                           ; 
    30                           ; Redistribution and use in source and binary forms, with or without modification, are
    31                           ; permitted provided that the following conditions are met:
    32                           ; 
    33                           ;     1. Redistributions of source code must retain the above copyright notice, this lis
      +                          t of
    34                           ;        conditions and the following disclaimer.
    35                           ; 
    36                           ;     2. Redistributions in binary form must reproduce the above copyright notice, this 
      +                          list
    37                           ;        of conditions and the following disclaimer in the documentation and/or other
    38                           ;        materials provided with the distribution.
    39                           ; 
    40                           ;     3. Microchip's name may not be used to endorse or promote products derived from th
      +                          is
    41                           ;        software without specific prior written permission.
    42                           ; 
    43                           ; THIS SOFTWARE IS PROVIDED BY MICROCHIP "AS IS" AND ANY EXPRESS OR IMPLIED WARRANTIES,
    44                           ; INCLUDING, BUT NOT LIMITED TO, THE IMPLIED WARRANTIES OF MERCHANTABILITY AND FITNESS F
      +                          OR
    45                           ; PURPOSE ARE DISCLAIMED.  IN NO EVENT SHALL MICROCHIP BE LIABLE FOR ANY DIRECT, INDIREC
      +                          T,
    46                           ; INCIDENTAL, SPECIAL, EXEMPLARY, OR CONSEQUENTIAL DAMAGES (INCLUDING BUT NOT LIMITED TO
    47                           ; PROCUREMENT OF SUBSTITUTE GOODS OR SERVICES; LOSS OF USE, DATA OR PROFITS; OR BUSINESS
    48                           ; INTERRUPTION) HOWSOEVER CAUSED AND ON ANY THEORY OF LIABILITY, WHETHER IN CONTRACT, ST
      +                          RICT
    49                           ; LIABILITY, OR TORT (INCLUDING NEGLIGENCE OR OTHERWISE) ARISING IN ANY WAY OUT OF THE U
      +                          SE OF
    50                           ; THIS SOFTWARE, EVEN IF ADVISED OF THE POSSIBILITY OF SUCH DAMAGE.
    51                           ; 
    52                           ; 
    53                           ; Code-generator required, PIC18F8722 Definitions
    54                           ; 
    55                           ; SFR Addresses
    56  0000                     
    57                           	psect	smallconst
    58  001000                     __psmallconst:
    59                           	opt callstack 0
    60  001000  00                 	db	0
    61  001001                     _dhbkstr:
    62                           	opt callstack 0
    63  001001  0F                 	db	15
    64  001002  0F                 	db	15
    65  001003  0E                 	db	14
    66  001004  1F                 	db	31
    67  001005  0E                 	db	14
    68  001006  0F                 	db	15
    69  001007  0F                 	db	15
    70  001008  00                 	db	0
    71  001009  1E                 	db	30
    72  00100A  1F                 	db	31
    73  00100B  07                 	db	7
    74  00100C  07                 	db	7
    75  00100D  07                 	db	7
    76  00100E  1F                 	db	31
    77  00100F  1E                 	db	30
    78  001010  00                 	db	0
    79  001011  1C                 	db	28
    80  001012  1C                 	db	28
    81  001013  1C                 	db	28
    82  001014  1F                 	db	31
    83  001015  1F                 	db	31
    84  001016  1C                 	db	28
    85  001017  1C                 	db	28
    86  001018  00                 	db	0
    87  001019  07                 	db	7
    88  00101A  07                 	db	7
    89  00101B  07                 	db	7
    90  00101C  1F                 	db	31
    91  00101D  1F                 	db	31
    92  00101E  07                 	db	7
    93  00101F  07                 	db	7
    94  001020  00                 	db	0
    95  001021  1F                 	db	31
    96  001022  1C                 	db	28
    97  001023  1C                 	db	28
    98  001024  1F                 	db	31
    99  001025  1C                 	db	28
   100  001026  1F                 	db	31
   101  001027  1F                 	db	31
   102  001028  00                 	db	0
   103  001029  18                 	db	24
   104  00102A  1C                 	db	28
   105  00102B  1C                 	db	28
   106  00102C  1E                 	db	30
   107  00102D  07                 	db	7
   108  00102E  1F                 	db	31
   109  00102F  1E                 	db	30
   110  001030  00                 	db	0
   111  001031  1C                 	db	28
   112  001032  1D                 	db	29
   113  001033  1F                 	db	31
   114  001034  1F                 	db	31
   115  001035  1E                 	db	30
   116  001036  1C                 	db	28
   117  001037  1C                 	db	28
   118  001038  00                 	db	0
   119  001039  1C                 	db	28
   120  00103A  18                 	db	24
   121  00103B  10                 	db	16
   122  00103C  18                 	db	24
   123  00103D  1C                 	db	28
   124  00103E  0E                 	db	14
   125  00103F  07                 	db	7
   126  001040  00                 	db	0
   127  001041                     __end_of_dhbkstr:
   128                           	opt callstack 0
   129  001041  00                 	db	0	; dummy byte at the end
   130  0000                     
   131                           	psect	nvCOMRAM
   132  000004                     __pnvCOMRAM:
   133                           	opt callstack 0
   134  000004                     _dem500ms:
   135                           	opt callstack 0
   136  000004                     	ds	1
   137  0000                     _TMR1	set	4046
   138  0000                     _TMR0	set	4054
   139  0000                     _ADCON1	set	4033
   140  0000                     _SSP1BUF	set	4041
   141  0000                     _SSP1CON1	set	4038
   142  0000                     _T1CONbits	set	4045
   143  0000                     _PIR1bits	set	3998
   144  0000                     _T1CON	set	4045
   145  0000                     _PIE1bits	set	3997
   146  0000                     _IPR1bits	set	3999
   147  0000                     _T0CON	set	4053
   148  0000                     _INTCONbits	set	4082
   149  0000                     _INTCON2bits	set	4081
   150  0000                     _RCONbits	set	4048
   151  0000                     _LATF6	set	31862
   152  0000                     _TRISF6	set	31934
   153  0000                     _TRISA2	set	31890
   154  0000                     _LATA2	set	31818
   155  0000                     _SSP1IF	set	31987
   156  0000                     _CKE1	set	32318
   157  0000                     _TRISC3	set	31907
   158  0000                     _TRISC5	set	31909
   159  0000                     _TMR1IF	set	31984
   160  0000                     _TMR1IE	set	31976
   161  0000                     _TMR0ON	set	32431
   162  0000                     _TMR0IF	set	32658
   163                           
   164                           ; #config settings
   165  0000                     
   166                           	psect	cinit
   167  0010C2                     __pcinit:
   168                           	opt callstack 0
   169  0010C2                     start_initialization:
   170                           	opt callstack 0
   171  0010C2                     __initialization:
   172                           	opt callstack 0
   173                           
   174                           ; Clear objects allocated to COMRAM (1 bytes)
   175  0010C2  6A05               	clrf	__pbssCOMRAM& (0+255),c
   176  0010C4                     end_of_initialization:
   177                           	opt callstack 0
   178  0010C4                     __end_of__initialization:
   179                           	opt callstack 0
   180  0010C4  9006               	bcf	int$flags,0,c	;clear compiler interrupt flag (level 1)
   181  0010C6  9206               	bcf	int$flags,1,c	;clear compiler interrupt flag (level 2)
   182  0010C8  0100               	movlb	0
   183  0010CA  EF21  F008         	goto	_main	;jump to C main() function
   184                           
   185                           	psect	bssCOMRAM
   186  000005                     __pbssCOMRAM:
   187                           	opt callstack 0
   188  000005                     _dem1s:
   189                           	opt callstack 0
   190  000005                     	ds	1
   191                           
   192                           	psect	cstackCOMRAM
   193  000001                     __pcstackCOMRAM:
   194                           	opt callstack 0
   195  000001                     ??_timer1_isr:
   196  000001                     
   197                           ; 1 bytes @ 0x0
   198  000001                     	ds	3
   199  000004                     
   200                           ; 1 bytes @ 0x3
   201 ;;
   202 ;;Main: autosize = 0, tempsize = 0, incstack = 0, save=0
   203 ;;
   204 ;; *************** function _main *****************
   205 ;; Defined at:
   206 ;;		line 29 in file "BAITAPC.c"
   207 ;; Parameters:    Size  Location     Type
   208 ;;		None
   209 ;; Auto vars:     Size  Location     Type
   210 ;;		None
   211 ;; Return value:  Size  Location     Type
   212 ;;                  1    wreg      void 
   213 ;; Registers used:
   214 ;;		wreg, status,2, cstack
   215 ;; Tracked objects:
   216 ;;		On entry : 0/0
   217 ;;		On exit  : 0/0
   218 ;;		Unchanged: 0/0
   219 ;; Data sizes:     COMRAM   BANK0   BANK1   BANK2   BANK3   BANK4   BANK5   BANK6   BANK7   BANK8   BANK9  BANK10  BANK1
      +1  BANK12  BANK13  BANK14  BANK15
   220 ;;      Params:         0       0       0       0       0       0       0       0       0       0       0       0       
      +0       0       0       0       0
   221 ;;      Locals:         0       0       0       0       0       0       0       0       0       0       0       0       
      +0       0       0       0       0
   222 ;;      Temps:          0       0       0       0       0       0       0       0       0       0       0       0       
      +0       0       0       0       0
   223 ;;      Totals:         0       0       0       0       0       0       0       0       0       0       0       0       
      +0       0       0       0       0
   224 ;;Total ram usage:        0 bytes
   225 ;; Hardware stack levels required when called:    4
   226 ;; This function calls:
   227 ;;		_init
   228 ;;		_timer1_init
   229 ;;		_tre500ms
   230 ;; This function is called by:
   231 ;;		Startup code after reset
   232 ;; This function uses a non-reentrant model
   233 ;;
   234                           
   235                           	psect	text0
   236  001042                     __ptext0:
   237                           	opt callstack 0
   238  001042                     _main:
   239                           	opt callstack 27
   240                           
   241                           ;BAITAPC.c: 31:     init();
   242                           
   243                           ;incstack = 0
   244  001042  EC48  F008         	call	_init	;wreg free
   245                           
   246                           ;BAITAPC.c: 32:     timer1_init();
   247  001046  EC3E  F008         	call	_timer1_init	;wreg free
   248  00104A                     l1077:
   249                           
   250                           ;BAITAPC.c: 34: {;BAITAPC.c: 36:         led = 0x80 ;
   251  00104A  0E80               	movlw	128
   252  00104C  6E8C               	movwf	3980,c	;volatile
   253                           
   254                           ;BAITAPC.c: 37:         tre500ms() ;
   255  00104E  EC67  F008         	call	_tre500ms	;wreg free
   256                           
   257                           ;BAITAPC.c: 38:         tre500ms() ;
   258  001052  EC67  F008         	call	_tre500ms	;wreg free
   259                           
   260                           ;BAITAPC.c: 39:         tre500ms() ;
   261  001056  EC67  F008         	call	_tre500ms	;wreg free
   262                           
   263                           ;BAITAPC.c: 40:         tre500ms() ;
   264  00105A  EC67  F008         	call	_tre500ms	;wreg free
   265                           
   266                           ;BAITAPC.c: 41:         led = 0x00 ;
   267  00105E  0E00               	movlw	0
   268  001060  6E8C               	movwf	3980,c	;volatile
   269                           
   270                           ;BAITAPC.c: 42:         tre500ms() ;
   271  001062  EC67  F008         	call	_tre500ms	;wreg free
   272                           
   273                           ;BAITAPC.c: 43:         led = 0x80 ;
   274  001066  0E80               	movlw	128
   275  001068  6E8C               	movwf	3980,c	;volatile
   276                           
   277                           ;BAITAPC.c: 44:         tre500ms() ;
   278  00106A  EC67  F008         	call	_tre500ms	;wreg free
   279                           
   280                           ;BAITAPC.c: 45:         tre500ms() ;
   281  00106E  EC67  F008         	call	_tre500ms	;wreg free
   282                           
   283                           ;BAITAPC.c: 46:         led = 0x00 ;
   284  001072  0E00               	movlw	0
   285  001074  6E8C               	movwf	3980,c	;volatile
   286                           
   287                           ;BAITAPC.c: 47:         tre500ms() ;
   288  001076  EC67  F008         	call	_tre500ms	;wreg free
   289  00107A  D7E7               	goto	l1077
   290  00107C                     __end_of_main:
   291                           	opt callstack 0
   292                           
   293 ;; *************** function _tre500ms *****************
   294 ;; Defined at:
   295 ;;		line 16 in file "BAITAPC.c"
   296 ;; Parameters:    Size  Location     Type
   297 ;;		None
   298 ;; Auto vars:     Size  Location     Type
   299 ;;		None
   300 ;; Return value:  Size  Location     Type
   301 ;;                  1    wreg      void 
   302 ;; Registers used:
   303 ;;		wreg, status,2
   304 ;; Tracked objects:
   305 ;;		On entry : 0/0
   306 ;;		On exit  : 0/0
   307 ;;		Unchanged: 0/0
   308 ;; Data sizes:     COMRAM   BANK0   BANK1   BANK2   BANK3   BANK4   BANK5   BANK6   BANK7   BANK8   BANK9  BANK10  BANK1
      +1  BANK12  BANK13  BANK14  BANK15
   309 ;;      Params:         0       0       0       0       0       0       0       0       0       0       0       0       
      +0       0       0       0       0
   310 ;;      Locals:         0       0       0       0       0       0       0       0       0       0       0       0       
      +0       0       0       0       0
   311 ;;      Temps:          0       0       0       0       0       0       0       0       0       0       0       0       
      +0       0       0       0       0
   312 ;;      Totals:         0       0       0       0       0       0       0       0       0       0       0       0       
      +0       0       0       0       0
   313 ;;Total ram usage:        0 bytes
   314 ;; Hardware stack levels used:    1
   315 ;; Hardware stack levels required when called:    2
   316 ;; This function calls:
   317 ;;		Nothing
   318 ;; This function is called by:
   319 ;;		_main
   320 ;; This function uses a non-reentrant model
   321 ;;
   322                           
   323                           	psect	text1
   324  0010CE                     __ptext1:
   325                           	opt callstack 0
   326  0010CE                     _tre500ms:
   327                           	opt callstack 28
   328                           
   329                           ;BAITAPC.c: 18: dem500ms=50;
   330                           
   331                           ;incstack = 0
   332  0010CE  0E32               	movlw	50
   333  0010D0  6E04               	movwf	_dem500ms,c
   334  0010D2                     l983:
   335  0010D2  5004               	movf	_dem500ms,w,c
   336  0010D4  B4D8               	btfsc	status,2,c
   337  0010D6  0012               	return	
   338  0010D8  D7FC               	goto	l983
   339  0010DA                     __end_of_tre500ms:
   340                           	opt callstack 0
   341                           
   342 ;; *************** function _timer1_init *****************
   343 ;; Defined at:
   344 ;;		line 32 in file "Timer.c"
   345 ;; Parameters:    Size  Location     Type
   346 ;;		None
   347 ;; Auto vars:     Size  Location     Type
   348 ;;		None
   349 ;; Return value:  Size  Location     Type
   350 ;;                  1    wreg      void 
   351 ;; Registers used:
   352 ;;		wreg, status,2, cstack
   353 ;; Tracked objects:
   354 ;;		On entry : 0/0
   355 ;;		On exit  : 0/0
   356 ;;		Unchanged: 0/0
   357 ;; Data sizes:     COMRAM   BANK0   BANK1   BANK2   BANK3   BANK4   BANK5   BANK6   BANK7   BANK8   BANK9  BANK10  BANK1
      +1  BANK12  BANK13  BANK14  BANK15
   358 ;;      Params:         0       0       0       0       0       0       0       0       0       0       0       0       
      +0       0       0       0       0
   359 ;;      Locals:         0       0       0       0       0       0       0       0       0       0       0       0       
      +0       0       0       0       0
   360 ;;      Temps:          0       0       0       0       0       0       0       0       0       0       0       0       
      +0       0       0       0       0
   361 ;;      Totals:         0       0       0       0       0       0       0       0       0       0       0       0       
      +0       0       0       0       0
   362 ;;Total ram usage:        0 bytes
   363 ;; Hardware stack levels used:    1
   364 ;; Hardware stack levels required when called:    3
   365 ;; This function calls:
   366 ;;		_timer1_reset
   367 ;; This function is called by:
   368 ;;		_main
   369 ;; This function uses a non-reentrant model
   370 ;;
   371                           
   372                           	psect	text2
   373  00107C                     __ptext2:
   374                           	opt callstack 0
   375  00107C                     _timer1_init:
   376                           	opt callstack 27
   377                           
   378                           ;Timer.c: 34:     RCONbits.IPEN =1;
   379                           
   380                           ;incstack = 0
   381  00107C  8ED0               	bsf	4048,7,c	;volatile
   382                           
   383                           ;Timer.c: 35:     IPR1bits.TMR1IP = 0;
   384  00107E  909F               	bcf	3999,0,c	;volatile
   385                           
   386                           ;Timer.c: 36:     PIE1bits.TMR1IE = 1;
   387  001080  809D               	bsf	3997,0,c	;volatile
   388                           
   389                           ;Timer.c: 37:     INTCONbits.GIEH = 1;
   390  001082  8EF2               	bsf	4082,7,c	;volatile
   391                           
   392                           ;Timer.c: 38:     INTCONbits.GIEL = 1;
   393  001084  8CF2               	bsf	4082,6,c	;volatile
   394                           
   395                           ;Timer.c: 39:     T1CON =0x10;
   396  001086  0E10               	movlw	16
   397  001088  6ECD               	movwf	4045,c	;volatile
   398                           
   399                           ;Timer.c: 40:     timer1_reset();
   400  00108A  EC51  F008         	call	_timer1_reset	;wreg free
   401  00108E  0012               	return		;funcret
   402  001090                     __end_of_timer1_init:
   403                           	opt callstack 0
   404                           
   405 ;; *************** function _timer1_reset *****************
   406 ;; Defined at:
   407 ;;		line 42 in file "Timer.c"
   408 ;; Parameters:    Size  Location     Type
   409 ;;		None
   410 ;; Auto vars:     Size  Location     Type
   411 ;;		None
   412 ;; Return value:  Size  Location     Type
   413 ;;                  1    wreg      void 
   414 ;; Registers used:
   415 ;;		wreg, status,2
   416 ;; Tracked objects:
   417 ;;		On entry : 0/0
   418 ;;		On exit  : 0/0
   419 ;;		Unchanged: 0/0
   420 ;; Data sizes:     COMRAM   BANK0   BANK1   BANK2   BANK3   BANK4   BANK5   BANK6   BANK7   BANK8   BANK9  BANK10  BANK1
      +1  BANK12  BANK13  BANK14  BANK15
   421 ;;      Params:         0       0       0       0       0       0       0       0       0       0       0       0       
      +0       0       0       0       0
   422 ;;      Locals:         0       0       0       0       0       0       0       0       0       0       0       0       
      +0       0       0       0       0
   423 ;;      Temps:          0       0       0       0       0       0       0       0       0       0       0       0       
      +0       0       0       0       0
   424 ;;      Totals:         0       0       0       0       0       0       0       0       0       0       0       0       
      +0       0       0       0       0
   425 ;;Total ram usage:        0 bytes
   426 ;; Hardware stack levels used:    1
   427 ;; Hardware stack levels required when called:    2
   428 ;; This function calls:
   429 ;;		Nothing
   430 ;; This function is called by:
   431 ;;		_timer1_init
   432 ;; This function uses a non-reentrant model
   433 ;;
   434                           
   435                           	psect	text3
   436  0010A2                     __ptext3:
   437                           	opt callstack 0
   438  0010A2                     _timer1_reset:
   439                           	opt callstack 27
   440                           
   441                           ;Timer.c: 44:     PIR1bits.TMR1IF = 0;
   442                           
   443                           ;incstack = 0
   444  0010A2  909E               	bcf	3998,0,c	;volatile
   445                           
   446                           ;Timer.c: 45:     T1CONbits.TMR1ON = 0;
   447  0010A4  90CD               	bcf	4045,0,c	;volatile
   448                           
   449                           ;Timer.c: 46:     TMR1 = -12500;
   450  0010A6  0ECF               	movlw	207
   451  0010A8  6ECF               	movwf	4047,c	;volatile
   452  0010AA  0E2C               	movlw	44
   453  0010AC  6ECE               	movwf	4046,c	;volatile
   454                           
   455                           ;Timer.c: 47:     T1CONbits.TMR1ON = 1;
   456  0010AE  80CD               	bsf	4045,0,c	;volatile
   457  0010B0  0012               	return		;funcret
   458  0010B2                     __end_of_timer1_reset:
   459                           	opt callstack 0
   460                           
   461 ;; *************** function _init *****************
   462 ;; Defined at:
   463 ;;		line 22 in file "BAITAPC.c"
   464 ;; Parameters:    Size  Location     Type
   465 ;;		None
   466 ;; Auto vars:     Size  Location     Type
   467 ;;		None
   468 ;; Return value:  Size  Location     Type
   469 ;;                  1    wreg      void 
   470 ;; Registers used:
   471 ;;		wreg, status,2
   472 ;; Tracked objects:
   473 ;;		On entry : 0/0
   474 ;;		On exit  : 0/0
   475 ;;		Unchanged: 0/0
   476 ;; Data sizes:     COMRAM   BANK0   BANK1   BANK2   BANK3   BANK4   BANK5   BANK6   BANK7   BANK8   BANK9  BANK10  BANK1
      +1  BANK12  BANK13  BANK14  BANK15
   477 ;;      Params:         0       0       0       0       0       0       0       0       0       0       0       0       
      +0       0       0       0       0
   478 ;;      Locals:         0       0       0       0       0       0       0       0       0       0       0       0       
      +0       0       0       0       0
   479 ;;      Temps:          0       0       0       0       0       0       0       0       0       0       0       0       
      +0       0       0       0       0
   480 ;;      Totals:         0       0       0       0       0       0       0       0       0       0       0       0       
      +0       0       0       0       0
   481 ;;Total ram usage:        0 bytes
   482 ;; Hardware stack levels used:    1
   483 ;; Hardware stack levels required when called:    2
   484 ;; This function calls:
   485 ;;		Nothing
   486 ;; This function is called by:
   487 ;;		_main
   488 ;; This function uses a non-reentrant model
   489 ;;
   490                           
   491                           	psect	text4
   492  001090                     __ptext4:
   493                           	opt callstack 0
   494  001090                     _init:
   495                           	opt callstack 28
   496                           
   497                           ;BAITAPC.c: 24:     ADCON1 = 0x0F;
   498                           
   499                           ;incstack = 0
   500  001090  0E0F               	movlw	15
   501  001092  6EC1               	movwf	4033,c	;volatile
   502                           
   503                           ;BAITAPC.c: 25:     led_io = 0;
   504  001094  0E00               	movlw	0
   505  001096  6E95               	movwf	3989,c	;volatile
   506                           
   507                           ;BAITAPC.c: 26:     led = 0x00;
   508  001098  0E00               	movlw	0
   509  00109A  6E8C               	movwf	3980,c	;volatile
   510                           
   511                           ;BAITAPC.c: 27:     dem500ms = 50;
   512  00109C  0E32               	movlw	50
   513  00109E  6E04               	movwf	_dem500ms,c
   514  0010A0  0012               	return		;funcret
   515  0010A2                     __end_of_init:
   516                           	opt callstack 0
   517                           
   518 ;; *************** function _timer1_isr *****************
   519 ;; Defined at:
   520 ;;		line 49 in file "Timer.c"
   521 ;; Parameters:    Size  Location     Type
   522 ;;		None
   523 ;; Auto vars:     Size  Location     Type
   524 ;;		None
   525 ;; Return value:  Size  Location     Type
   526 ;;                  1    wreg      void 
   527 ;; Registers used:
   528 ;;		wreg, status,2, status,0, cstack
   529 ;; Tracked objects:
   530 ;;		On entry : 0/0
   531 ;;		On exit  : 0/0
   532 ;;		Unchanged: 0/0
   533 ;; Data sizes:     COMRAM   BANK0   BANK1   BANK2   BANK3   BANK4   BANK5   BANK6   BANK7   BANK8   BANK9  BANK10  BANK1
      +1  BANK12  BANK13  BANK14  BANK15
   534 ;;      Params:         0       0       0       0       0       0       0       0       0       0       0       0       
      +0       0       0       0       0
   535 ;;      Locals:         0       0       0       0       0       0       0       0       0       0       0       0       
      +0       0       0       0       0
   536 ;;      Temps:          3       0       0       0       0       0       0       0       0       0       0       0       
      +0       0       0       0       0
   537 ;;      Totals:         3       0       0       0       0       0       0       0       0       0       0       0       
      +0       0       0       0       0
   538 ;;Total ram usage:        3 bytes
   539 ;; Hardware stack levels used:    1
   540 ;; Hardware stack levels required when called:    1
   541 ;; This function calls:
   542 ;;		_timer_process
   543 ;;		i1_timer1_reset
   544 ;; This function is called by:
   545 ;;		Interrupt level 1
   546 ;; This function uses a non-reentrant model
   547 ;;
   548                           
   549                           	psect	intcodelo
   550  000018                     __pintcodelo:
   551                           	opt callstack 0
   552  000018                     _timer1_isr:
   553                           	opt callstack 27
   554                           
   555                           ;incstack = 0
   556  000018  8006               	bsf	btemp,0,c	;set compiler interrupt flag (level 1)
   557  00001A  CFD8 F001          	movff	status,??_timer1_isr
   558  00001E  CFE8 F002          	movff	wreg,??_timer1_isr+1
   559  000022  CFE0 F003          	movff	bsr,??_timer1_isr+2
   560                           
   561                           ;Timer.c: 51:     if(TMR1IE & TMR1IF)
   562  000026  0E01               	movlw	1
   563  000028  A09D               	btfss	3997,0,c	;volatile
   564  00002A  0E00               	movlw	0
   565  00002C  A09E               	btfss	3998,0,c	;volatile
   566  00002E  0E00               	movlw	0
   567  000030  A0E8               	btfss	wreg,0,c
   568  000032  D004               	goto	i1l54
   569                           
   570                           ;Timer.c: 52:     {;Timer.c: 53:         timer1_reset();
   571  000034  EC59  F008         	call	i1_timer1_reset	;wreg free
   572                           
   573                           ;Timer.c: 54:         timer_process();
   574  000038  EC6D  F008         	call	_timer_process	;wreg free
   575  00003C                     i1l54:
   576  00003C  C003  FFE0         	movff	??_timer1_isr+2,bsr
   577  000040  C002  FFE8         	movff	??_timer1_isr+1,wreg
   578  000044  C001  FFD8         	movff	??_timer1_isr,status
   579  000048  9006               	bcf	btemp,0,c	;clear compiler interrupt flag (level 1)
   580  00004A  0010               	retfie	
   581  00004C                     __end_of_timer1_isr:
   582                           	opt callstack 0
   583                           
   584 ;; *************** function i1_timer1_reset *****************
   585 ;; Defined at:
   586 ;;		line 42 in file "Timer.c"
   587 ;; Parameters:    Size  Location     Type
   588 ;;		None
   589 ;; Auto vars:     Size  Location     Type
   590 ;;		None
   591 ;; Return value:  Size  Location     Type
   592 ;;                  1    wreg      void 
   593 ;; Registers used:
   594 ;;		wreg, status,2
   595 ;; Tracked objects:
   596 ;;		On entry : 0/0
   597 ;;		On exit  : 0/0
   598 ;;		Unchanged: 0/0
   599 ;; Data sizes:     COMRAM   BANK0   BANK1   BANK2   BANK3   BANK4   BANK5   BANK6   BANK7   BANK8   BANK9  BANK10  BANK1
      +1  BANK12  BANK13  BANK14  BANK15
   600 ;;      Params:         0       0       0       0       0       0       0       0       0       0       0       0       
      +0       0       0       0       0
   601 ;;      Locals:         0       0       0       0       0       0       0       0       0       0       0       0       
      +0       0       0       0       0
   602 ;;      Temps:          0       0       0       0       0       0       0       0       0       0       0       0       
      +0       0       0       0       0
   603 ;;      Totals:         0       0       0       0       0       0       0       0       0       0       0       0       
      +0       0       0       0       0
   604 ;;Total ram usage:        0 bytes
   605 ;; Hardware stack levels used:    1
   606 ;; This function calls:
   607 ;;		Nothing
   608 ;; This function is called by:
   609 ;;		_timer1_isr
   610 ;; This function uses a non-reentrant model
   611 ;;
   612                           
   613                           	psect	text6
   614  0010B2                     __ptext6:
   615                           	opt callstack 0
   616  0010B2                     i1_timer1_reset:
   617                           	opt callstack 27
   618                           
   619                           ;Timer.c: 44:     PIR1bits.TMR1IF = 0;
   620                           
   621                           ;incstack = 0
   622  0010B2  909E               	bcf	3998,0,c	;volatile
   623                           
   624                           ;Timer.c: 45:     T1CONbits.TMR1ON = 0;
   625  0010B4  90CD               	bcf	4045,0,c	;volatile
   626                           
   627                           ;Timer.c: 46:     TMR1 = -12500;
   628  0010B6  0ECF               	movlw	207
   629  0010B8  6ECF               	movwf	4047,c	;volatile
   630  0010BA  0E2C               	movlw	44
   631  0010BC  6ECE               	movwf	4046,c	;volatile
   632                           
   633                           ;Timer.c: 47:     T1CONbits.TMR1ON = 1;
   634  0010BE  80CD               	bsf	4045,0,c	;volatile
   635  0010C0  0012               	return		;funcret
   636  0010C2                     __end_ofi1_timer1_reset:
   637                           	opt callstack 0
   638                           
   639 ;; *************** function _timer_process *****************
   640 ;; Defined at:
   641 ;;		line 12 in file "BAITAPC.c"
   642 ;; Parameters:    Size  Location     Type
   643 ;;		None
   644 ;; Auto vars:     Size  Location     Type
   645 ;;		None
   646 ;; Return value:  Size  Location     Type
   647 ;;                  1    wreg      void 
   648 ;; Registers used:
   649 ;;		wreg, status,2, status,0
   650 ;; Tracked objects:
   651 ;;		On entry : 0/0
   652 ;;		On exit  : 0/0
   653 ;;		Unchanged: 0/0
   654 ;; Data sizes:     COMRAM   BANK0   BANK1   BANK2   BANK3   BANK4   BANK5   BANK6   BANK7   BANK8   BANK9  BANK10  BANK1
      +1  BANK12  BANK13  BANK14  BANK15
   655 ;;      Params:         0       0       0       0       0       0       0       0       0       0       0       0       
      +0       0       0       0       0
   656 ;;      Locals:         0       0       0       0       0       0       0       0       0       0       0       0       
      +0       0       0       0       0
   657 ;;      Temps:          0       0       0       0       0       0       0       0       0       0       0       0       
      +0       0       0       0       0
   658 ;;      Totals:         0       0       0       0       0       0       0       0       0       0       0       0       
      +0       0       0       0       0
   659 ;;Total ram usage:        0 bytes
   660 ;; Hardware stack levels used:    1
   661 ;; This function calls:
   662 ;;		Nothing
   663 ;; This function is called by:
   664 ;;		_timer1_isr
   665 ;; This function uses a non-reentrant model
   666 ;;
   667                           
   668                           	psect	text7
   669  0010DA                     __ptext7:
   670                           	opt callstack 0
   671  0010DA                     _timer_process:
   672                           	opt callstack 27
   673                           
   674                           ;BAITAPC.c: 14:     if(dem500ms>0) dem500ms--;
   675                           
   676                           ;incstack = 0
   677  0010DA  5004               	movf	_dem500ms,w,c
   678  0010DC  B4D8               	btfsc	status,2,c
   679  0010DE  0012               	return	
   680  0010E0  0604               	decf	_dem500ms,f,c
   681  0010E2  0012               	return		;funcret
   682  0010E4                     __end_of_timer_process:
   683                           	opt callstack 0
   684                           
   685                           	psect	rparam
   686  0000                     
   687                           	psect	temp
   688  000006                     btemp:
   689                           	opt callstack 0
   690  000006                     	ds	1
   691  0000                     int$flags	set	btemp
   692  0000                     wtemp8	set	btemp+1
   693  0000                     ttemp5	set	btemp+1
   694  0000                     ttemp6	set	btemp+4
   695  0000                     ttemp7	set	btemp+8
   696                           tosu	equ	0xFFF
   697                           tosh	equ	0xFFE
   698                           tosl	equ	0xFFD
   699                           stkptr	equ	0xFFC
   700                           pclatu	equ	0xFFB
   701                           pclath	equ	0xFFA
   702                           pcl	equ	0xFF9
   703                           tblptru	equ	0xFF8
   704                           tblptrh	equ	0xFF7
   705                           tblptrl	equ	0xFF6
   706                           tablat	equ	0xFF5
   707                           prodh	equ	0xFF4
   708                           prodl	equ	0xFF3
   709                           indf0	equ	0xFEF
   710                           postinc0	equ	0xFEE
   711                           postdec0	equ	0xFED
   712                           preinc0	equ	0xFEC
   713                           plusw0	equ	0xFEB
   714                           fsr0h	equ	0xFEA
   715                           fsr0l	equ	0xFE9
   716                           wreg	equ	0xFE8
   717                           indf1	equ	0xFE7
   718                           postinc1	equ	0xFE6
   719                           postdec1	equ	0xFE5
   720                           preinc1	equ	0xFE4
   721                           plusw1	equ	0xFE3
   722                           fsr1h	equ	0xFE2
   723                           fsr1l	equ	0xFE1
   724                           bsr	equ	0xFE0
   725                           indf2	equ	0xFDF
   726                           postinc2	equ	0xFDE
   727                           postdec2	equ	0xFDD
   728                           preinc2	equ	0xFDC
   729                           plusw2	equ	0xFDB
   730                           fsr2h	equ	0xFDA
   731                           fsr2l	equ	0xFD9
   732                           status	equ	0xFD8


Data Sizes:
    Strings     0
    Constant    64
    Data        0
    BSS         1
    Persistent  1
    Stack       0

Auto Spaces:
    Space          Size  Autos    Used
    COMRAM           94      3       5
    BANK0           160      0       0
    BANK1           256      0       0
    BANK2           256      0       0
    BANK3           256      0       0
    BANK4           256      0       0
    BANK5           256      0       0
    BANK6           256      0       0
    BANK7           256      0       0
    BANK8           256      0       0
    BANK9           256      0       0
    BANK10          256      0       0
    BANK11          256      0       0
    BANK12          256      0       0
    BANK13          256      0       0
    BANK14          256      0       0
    BANK15           96      0       0

Pointer List with Targets:

    None.

Critical Paths under _main in COMRAM

    None.

Critical Paths under _timer1_isr in COMRAM

    None.

Critical Paths under _main in BANK0

    None.

Critical Paths under _timer1_isr in BANK0

    None.

Critical Paths under _main in BANK1

    None.

Critical Paths under _timer1_isr in BANK1

    None.

Critical Paths under _main in BANK2

    None.

Critical Paths under _timer1_isr in BANK2

    None.

Critical Paths under _main in BANK3

    None.

Critical Paths under _timer1_isr in BANK3

    None.

Critical Paths under _main in BANK4

    None.

Critical Paths under _timer1_isr in BANK4

    None.

Critical Paths under _main in BANK5

    None.

Critical Paths under _timer1_isr in BANK5

    None.

Critical Paths under _main in BANK6

    None.

Critical Paths under _timer1_isr in BANK6

    None.

Critical Paths under _main in BANK7

    None.

Critical Paths under _timer1_isr in BANK7

    None.

Critical Paths under _main in BANK8

    None.

Critical Paths under _timer1_isr in BANK8

    None.

Critical Paths under _main in BANK9

    None.

Critical Paths under _timer1_isr in BANK9

    None.

Critical Paths under _main in BANK10

    None.

Critical Paths under _timer1_isr in BANK10

    None.

Critical Paths under _main in BANK11

    None.

Critical Paths under _timer1_isr in BANK11

    None.

Critical Paths under _main in BANK12

    None.

Critical Paths under _timer1_isr in BANK12

    None.

Critical Paths under _main in BANK13

    None.

Critical Paths under _timer1_isr in BANK13

    None.

Critical Paths under _main in BANK14

    None.

Critical Paths under _timer1_isr in BANK14

    None.

Critical Paths under _main in BANK15

    None.

Critical Paths under _timer1_isr in BANK15

    None.

Call Graph Tables:

 ---------------------------------------------------------------------------------
 (Depth) Function   	        Calls       Base Space   Used Autos Params    Refs
 ---------------------------------------------------------------------------------
 (0) _main                                                 0     0      0       0
                               _init
                        _timer1_init
                           _tre500ms
 ---------------------------------------------------------------------------------
 (1) _tre500ms                                             0     0      0       0
 ---------------------------------------------------------------------------------
 (1) _timer1_init                                          0     0      0       0
                       _timer1_reset
 ---------------------------------------------------------------------------------
 (2) _timer1_reset                                         0     0      0       0
 ---------------------------------------------------------------------------------
 (1) _init                                                 0     0      0       0
 ---------------------------------------------------------------------------------
 Estimated maximum stack depth 2
 ---------------------------------------------------------------------------------
 (Depth) Function   	        Calls       Base Space   Used Autos Params    Refs
 ---------------------------------------------------------------------------------
 (3) _timer1_isr                                           3     3      0       0
                                              0 COMRAM     3     3      0
                      _timer_process
                     i1_timer1_reset
 ---------------------------------------------------------------------------------
 (4) i1_timer1_reset                                       0     0      0       0
 ---------------------------------------------------------------------------------
 (4) _timer_process                                        0     0      0       0
 ---------------------------------------------------------------------------------
 Estimated maximum stack depth 4
 ---------------------------------------------------------------------------------

 Call Graph Graphs:

 _main (ROOT)
   _init
   _timer1_init
     _timer1_reset
   _tre500ms

 _timer1_isr (ROOT)
   _timer_process
   i1_timer1_reset

 Address spaces:
Name               Size   Autos  Total    Cost      Usage
BIGRAM             F5F      0       0      37        0.0%
EEDATA             400      0       0       0        0.0%
BITBANK14          100      0       0      33        0.0%
BANK14             100      0       0      34        0.0%
BITBANK13          100      0       0      30        0.0%
BANK13             100      0       0      31        0.0%
BITBANK12          100      0       0      28        0.0%
BANK12             100      0       0      29        0.0%
BITBANK11          100      0       0      26        0.0%
BANK11             100      0       0      27        0.0%
BITBANK10          100      0       0      24        0.0%
BANK10             100      0       0      25        0.0%
BITBANK9           100      0       0      22        0.0%
BANK9              100      0       0      23        0.0%
BITBANK8           100      0       0      20        0.0%
BANK8              100      0       0      21        0.0%
BITBANK7           100      0       0      18        0.0%
BANK7              100      0       0      19        0.0%
BITBANK6           100      0       0      16        0.0%
BANK6              100      0       0      17        0.0%
BITBANK5           100      0       0      14        0.0%
BANK5              100      0       0      15        0.0%
BITBANK4           100      0       0      12        0.0%
BANK4              100      0       0      13        0.0%
BITBANK3           100      0       0      10        0.0%
BANK3              100      0       0      11        0.0%
BITBANK2           100      0       0       8        0.0%
BANK2              100      0       0       9        0.0%
BITBANK1           100      0       0       6        0.0%
BANK1              100      0       0       7        0.0%
BITBANK0            A0      0       0       4        0.0%
BANK0               A0      0       0       5        0.0%
BITBANK15           60      0       0      35        0.0%
BANK15              60      0       0      36        0.0%
BITCOMRAM           5E      0       0       0        0.0%
COMRAM              5E      3       5       1        5.3%
BITSFR               0      0       0     200        0.0%
SFR                  0      0       0     200        0.0%
STACK                0      0       0       2        0.0%
NULL                 0      0       0       0        0.0%
ABS                  0      0       5      32        0.0%
DATA                 0      0       5       3        0.0%
CODE                 0      0       0       0        0.0%


Microchip Technology PIC18 Macro Assembler V2.05 build -831301201 
Symbol Table                                                                                   Mon Oct 21 21:09:37 2019

                     bsr 000FE0              __CFG_OSC$HS 000000   __end_ofi1_timer1_reset 10C2  
                    l983 10D2                      _led 000F8C                      wreg 000FE8  
           __CFG_LVP$OFF 000000             __CFG_WDT$OFF 000000                     l1077 104A  
                   _CKE1 007E3E                     i1l54 003C                     _TMR0 000FD6  
                   _TMR1 000FCE                     _main 1042                     _init 1090  
                   btemp 0006                     start 004C             ___param_bank 000000  
        ??_timer_process 0001                    ?_main 0001                    ?_init 0001  
        ?i1_timer1_reset 0001                    _T0CON 000FD5                    _T1CON 000FCD  
                  _LATA2 007C4A                    _LATF6 007C76          __end_of_dhbkstr 1041  
                  _dem1s 0005                    ttemp5 0007                    ttemp6 000A  
                  ttemp7 000E                    status 000FD8                    wtemp8 0007  
        __initialization 10C2             __end_of_main 107C             __end_of_init 10A2  
                 ??_main 0004                   ??_init 0004            __activetblptr 000003  
                 _ADCON1 000FC1                   _TMR0IF 007F92                   _TMR1IE 007CE8  
                 _TMR1IF 007CF0                   _TMR0ON 007EAF                   _SSP1IF 007CF3  
                 _TRISA2 007C92                   _TRISC3 007CA3                   _TRISC5 007CA5  
                 _TRISF6 007CBE             ?_timer1_init 0001                   _led_io 000F95  
       __end_of_tre500ms 10DA             __mediumconst 0000               __accesstop 0060  
__end_of__initialization 10C4            ___rparam_used 000001           __pcstackCOMRAM 0001  
             __pnvCOMRAM 0004         ??i1_timer1_reset 0001                  _SSP1BUF 000FC9  
              ?_tre500ms 0001                  __Hparam 0000                  __Lparam 0000  
           __psmallconst 1000                  __pcinit 10C2                  __ramtop 1000  
                _dhbkstr 1001     __size_of_timer1_init 0014                  __ptext0 1042  
                __ptext1 10CE                  __ptext2 107C                  __ptext3 10A2  
                __ptext4 1090                  __ptext6 10B2                  __ptext7 10DA  
          ?_timer1_reset 0001    __end_of_timer_process 10E4                _T1CONbits 000FCD  
   end_of_initialization 10C4               ??_tre500ms 0004               _timer1_isr 0018  
         ??_timer1_reset 0004      start_initialization 10C2              ?_timer1_isr 0001  
            __pbssCOMRAM 0005     __end_of_timer1_reset 10B2        __size_of_tre500ms 000C  
            __pintcodelo 0018              __smallconst 1000      __size_of_timer1_isr 0034  
               _IPR1bits 000F9F                 _PIE1bits 000F9D                 _PIR1bits 000F9E  
               _RCONbits 000FD0                 _SSP1CON1 000FC6            ??_timer1_init 0004  
__size_ofi1_timer1_reset 0010              _INTCON2bits 000FF1   __size_of_timer_process 000A  
               __Hrparam 0000                 __Lrparam 0000                 _dem500ms 0004  
    __end_of_timer1_init 1090    __size_of_timer1_reset 0010                 _tre500ms 10CE  
          __size_of_main 003A            __size_of_init 0012             ??_timer1_isr 0001  
               int$flags 0006             _timer1_reset 10A2            _timer_process 10DA  
             _INTCONbits 000FF2                 intlevel1 0000       __end_of_timer1_isr 004C  
            _timer1_init 107C           ?_timer_process 0001           i1_timer1_reset 10B2  
