

Microchip MPLAB XC8 Assembler V2.05 build -831301201 
                                                                                               Tue Sep 17 14:06:49 2019

Microchip MPLAB XC8 C Compiler v2.05 (Free license) build 20181220022703 Og1 
     1                           	processor	18F8722
     2                           	fnconf	rparam,??,?,0
     3                           	opt	pw 120
     4                           	opt	flic
     5                           	psect	idataCOMRAM,global,class=CODE,delta=1,noexec
     6                           	psect	cinit,global,reloc=2,class=CODE,delta=1
     7                           	psect	bssCOMRAM,global,class=COMRAM,space=1,delta=1,noexec
     8                           	psect	dataCOMRAM,global,class=COMRAM,space=1,delta=1,noexec
     9                           	psect	cstackCOMRAM,global,class=COMRAM,space=1,delta=1,noexec
    10                           	psect	text0,global,reloc=2,class=CODE,delta=1
    11                           	psect	text1,global,reloc=2,class=CODE,delta=1
    12                           	psect	text2,global,reloc=2,class=CODE,delta=1
    13                           	psect	intsave_regs,global,class=BIGRAM,space=1,delta=1,noexec
    14                           	psect	rparam,global,class=COMRAM,space=1,delta=1,noexec
    15  0000                     
    16                           ; Version 2.05
    17                           ; Generated 20/12/2018 GMT
    18                           ; 
    19                           ; Copyright © 2018, Microchip Technology Inc. and its subsidiaries ("Microchip")
    20                           ; All rights reserved.
    21                           ; 
    22                           ; This software is developed by Microchip Technology Inc. and its subsidiaries ("Microch
      +                          ip").
    23                           ; 
    24                           ; Redistribution and use in source and binary forms, with or without modification, are
    25                           ; permitted provided that the following conditions are met:
    26                           ; 
    27                           ;     1. Redistributions of source code must retain the above copyright notice, this lis
      +                          t of
    28                           ;        conditions and the following disclaimer.
    29                           ; 
    30                           ;     2. Redistributions in binary form must reproduce the above copyright notice, this 
      +                          list
    31                           ;        of conditions and the following disclaimer in the documentation and/or other
    32                           ;        materials provided with the distribution.
    33                           ; 
    34                           ;     3. Microchip's name may not be used to endorse or promote products derived from th
      +                          is
    35                           ;        software without specific prior written permission.
    36                           ; 
    37                           ; THIS SOFTWARE IS PROVIDED BY MICROCHIP "AS IS" AND ANY EXPRESS OR IMPLIED WARRANTIES,
    38                           ; INCLUDING, BUT NOT LIMITED TO, THE IMPLIED WARRANTIES OF MERCHANTABILITY AND FITNESS F
      +                          OR
    39                           ; PURPOSE ARE DISCLAIMED.  IN NO EVENT SHALL MICROCHIP BE LIABLE FOR ANY DIRECT, INDIREC
      +                          T,
    40                           ; INCIDENTAL, SPECIAL, EXEMPLARY, OR CONSEQUENTIAL DAMAGES (INCLUDING BUT NOT LIMITED TO
    41                           ; PROCUREMENT OF SUBSTITUTE GOODS OR SERVICES; LOSS OF USE, DATA OR PROFITS; OR BUSINESS
    42                           ; INTERRUPTION) HOWSOEVER CAUSED AND ON ANY THEORY OF LIABILITY, WHETHER IN CONTRACT, ST
      +                          RICT
    43                           ; LIABILITY, OR TORT (INCLUDING NEGLIGENCE OR OTHERWISE) ARISING IN ANY WAY OUT OF THE U
      +                          SE OF
    44                           ; THIS SOFTWARE, EVEN IF ADVISED OF THE POSSIBILITY OF SUCH DAMAGE.
    45                           ; 
    46                           ; 
    47                           ; Code-generator required, PIC18F8722 Definitions
    48                           ; 
    49                           ; SFR Addresses
    50  0000                     
    51                           	psect	idataCOMRAM
    52  01FCB1                     __pidataCOMRAM:
    53                           	opt callstack 0
    54                           
    55                           ;initializer for _dulieu
    56  01FCB1  00                 	db	0
    57  01FCB2  03                 	db	3
    58  01FCB3  0C                 	db	12
    59  01FCB4  30                 	db	48
    60  01FCB5  C0                 	db	192
    61  0000                     _PORTAbits	set	3968
    62  0000                     _TRISAbits	set	3986
    63  0000                     _TRISD	set	3989
    64  0000                     _ADCON1	set	4033
    65                           
    66                           ; #config settings
    67  0000                     
    68                           	psect	cinit
    69  01FCD0                     __pcinit:
    70                           	opt callstack 0
    71  01FCD0                     start_initialization:
    72                           	opt callstack 0
    73  01FCD0                     __initialization:
    74                           	opt callstack 0
    75                           
    76                           ; Initialize objects allocated to COMRAM (5 bytes)
    77                           ; load TBLPTR registers with __pidataCOMRAM
    78  01FCD0  0EB1               	movlw	low __pidataCOMRAM
    79  01FCD2  6EF6               	movwf	tblptrl,c
    80  01FCD4  0EFC               	movlw	high __pidataCOMRAM
    81  01FCD6  6EF7               	movwf	tblptrh,c
    82  01FCD8  0E01               	movlw	low (__pidataCOMRAM shr (0+16))
    83  01FCDA  6EF8               	movwf	tblptru,c
    84  01FCDC  EE00  F001         	lfsr	0,__pdataCOMRAM
    85  01FCE0  EE10 F005          	lfsr	1,5
    86  01FCE4                     copy_data0:
    87  01FCE4  0009               	tblrd		*+
    88  01FCE6  CFF5 FFEE          	movff	tablat,postinc0
    89  01FCEA  50E5               	movf	postdec1,w,c
    90  01FCEC  50E1               	movf	fsr1l,w,c
    91  01FCEE  E1FA               	bnz	copy_data0
    92                           
    93                           ; Clear objects allocated to COMRAM (2 bytes)
    94  01FCF0  6A07               	clrf	(__pbssCOMRAM+1)& (0+255),c
    95  01FCF2  6A06               	clrf	__pbssCOMRAM& (0+255),c
    96  01FCF4                     end_of_initialization:
    97                           	opt callstack 0
    98  01FCF4                     __end_of__initialization:
    99                           	opt callstack 0
   100  01FCF4  0100               	movlb	0
   101  01FCF6  EF5B  F0FE         	goto	_main	;jump to C main() function
   102                           
   103                           	psect	bssCOMRAM
   104  000006                     __pbssCOMRAM:
   105                           	opt callstack 0
   106  000006                     _tang:
   107                           	opt callstack 0
   108  000006                     	ds	1
   109  000007                     _dem:
   110                           	opt callstack 0
   111  000007                     	ds	1
   112                           
   113                           	psect	dataCOMRAM
   114  000001                     __pdataCOMRAM:
   115                           	opt callstack 0
   116  000001                     _dulieu:
   117                           	opt callstack 0
   118  000001                     	ds	5
   119                           
   120                           	psect	cstackCOMRAM
   121  000000                     __pcstackCOMRAM:
   122                           	opt callstack 0
   123  000000                     
   124                           ; 1 bytes @ 0x0
   125 ;;
   126 ;;Main: autosize = 0, tempsize = 0, incstack = 0, save=0
   127 ;;
   128 ;; *************** function _main *****************
   129 ;; Defined at:
   130 ;;		line 34 in file "tn_01.c"
   131 ;; Parameters:    Size  Location     Type
   132 ;;		None
   133 ;; Auto vars:     Size  Location     Type
   134 ;;		None
   135 ;; Return value:  Size  Location     Type
   136 ;;                  1    wreg      void 
   137 ;; Registers used:
   138 ;;		wreg, fsr2l, fsr2h, status,2, status,0, cstack
   139 ;; Tracked objects:
   140 ;;		On entry : 0/0
   141 ;;		On exit  : 0/0
   142 ;;		Unchanged: 0/0
   143 ;; Data sizes:     COMRAM   BANK0   BANK1   BANK2   BANK3   BANK4   BANK5   BANK6   BANK7   BANK8   BANK9  BANK10  BANK1
      +1  BANK12  BANK13  BANK14  BANK15
   144 ;;      Params:         0       0       0       0       0       0       0       0       0       0       0       0       
      +0       0       0       0       0
   145 ;;      Locals:         0       0       0       0       0       0       0       0       0       0       0       0       
      +0       0       0       0       0
   146 ;;      Temps:          0       0       0       0       0       0       0       0       0       0       0       0       
      +0       0       0       0       0
   147 ;;      Totals:         0       0       0       0       0       0       0       0       0       0       0       0       
      +0       0       0       0       0
   148 ;;Total ram usage:        0 bytes
   149 ;; Hardware stack levels required when called:    1
   150 ;; This function calls:
   151 ;;		_init
   152 ;;		_xuly
   153 ;; This function is called by:
   154 ;;		Startup code after reset
   155 ;; This function uses a non-reentrant model
   156 ;;
   157                           
   158                           	psect	text0
   159  01FCB6                     __ptext0:
   160                           	opt callstack 0
   161  01FCB6                     _main:
   162                           	opt callstack 30
   163                           
   164                           ;tn_01.c: 36:     }
   165                           
   166                           ;incstack = 0
   167  01FCB6  EC60  F0FE         	call	_init	;wreg free
   168  01FCBA                     l732:
   169  01FCBA  EC7D  F0FE         	call	_xuly	;wreg free
   170  01FCBE  D7FD               	goto	l732
   171  01FCC0                     __end_of_main:
   172                           	opt callstack 0
   173                           
   174 ;; *************** function _xuly *****************
   175 ;; Defined at:
   176 ;;		line 16 in file "tn_01.c"
   177 ;; Parameters:    Size  Location     Type
   178 ;;		None
   179 ;; Auto vars:     Size  Location     Type
   180 ;;  tam             1    0        unsigned char 
   181 ;; Return value:  Size  Location     Type
   182 ;;                  1    wreg      void 
   183 ;; Registers used:
   184 ;;		wreg, fsr2l, fsr2h, status,2, status,0
   185 ;; Tracked objects:
   186 ;;		On entry : 0/0
   187 ;;		On exit  : 0/0
   188 ;;		Unchanged: 0/0
   189 ;; Data sizes:     COMRAM   BANK0   BANK1   BANK2   BANK3   BANK4   BANK5   BANK6   BANK7   BANK8   BANK9  BANK10  BANK1
      +1  BANK12  BANK13  BANK14  BANK15
   190 ;;      Params:         0       0       0       0       0       0       0       0       0       0       0       0       
      +0       0       0       0       0
   191 ;;      Locals:         0       0       0       0       0       0       0       0       0       0       0       0       
      +0       0       0       0       0
   192 ;;      Temps:          0       0       0       0       0       0       0       0       0       0       0       0       
      +0       0       0       0       0
   193 ;;      Totals:         0       0       0       0       0       0       0       0       0       0       0       0       
      +0       0       0       0       0
   194 ;;Total ram usage:        0 bytes
   195 ;; Hardware stack levels used:    1
   196 ;; This function calls:
   197 ;;		Nothing
   198 ;; This function is called by:
   199 ;;		_main
   200 ;; This function uses a non-reentrant model
   201 ;;
   202                           
   203                           	psect	text1
   204  01FCFA                     __ptext1:
   205                           	opt callstack 0
   206  01FCFA                     _xuly:
   207                           	opt callstack 30
   208                           
   209                           ;tn_01.c: 18:         {;tn_01.c: 19:             if((++dem)==4) tang =0;
   210                           
   211                           ;incstack = 0
   212  01FCFA  BA80               	btfsc	3968,5,c	;volatile
   213  01FCFC  0012               	return	
   214                           
   215                           ;tn_01.c: 20:         };tn_01.c: 21:         else
   216  01FCFE  0406               	decf	_tang,w,c
   217  01FD00  A4D8               	btfss	status,2,c
   218  01FD02  D007               	goto	l23
   219                           
   220                           ;tn_01.c: 22:         {;tn_01.c: 23:             if((--dem)==0) tang =1;
   221  01FD04  2A07               	incf	_dem,f,c
   222  01FD06  0E04               	movlw	4
   223  01FD08  1807               	xorwf	_dem,w,c
   224  01FD0A  A4D8               	btfss	status,2,c
   225  01FD0C  D006               	goto	l728
   226  01FD0E  0E00               	movlw	0
   227  01FD10  D003               	goto	L1
   228  01FD12                     l23:
   229                           
   230                           ;tn_01.c: 26:         while(PORTAbits.RA5==0);;tn_01.c: 27:     }
   231  01FD12  2E07               	decfsz	_dem,f,c
   232  01FD14  D002               	goto	l728
   233  01FD16  0E01               	movlw	1
   234  01FD18                     L1:
   235  01FD18  6E06               	movwf	_tang,c
   236  01FD1A                     l728:
   237                           
   238                           ;tn_01.c: 29: }
   239  01FD1A  0E01               	movlw	low _dulieu
   240  01FD1C  2407               	addwf	_dem,w,c
   241  01FD1E  6ED9               	movwf	fsr2l,c
   242  01FD20  6ADA               	clrf	fsr2h,c
   243  01FD22  0E00               	movlw	high _dulieu
   244  01FD24  22DA               	addwfc	fsr2h,f,c
   245  01FD26  50DF               	movf	indf2,w,c
   246  01FD28  6E8C               	movwf	3980,c	;volatile
   247  01FD2A                     l27:
   248  01FD2A  BA80               	btfsc	3968,5,c	;volatile
   249  01FD2C  0012               	return	
   250  01FD2E  D7FD               	goto	l27
   251  01FD30                     __end_of_xuly:
   252                           	opt callstack 0
   253                           
   254 ;; *************** function _init *****************
   255 ;; Defined at:
   256 ;;		line 8 in file "tn_01.c"
   257 ;; Parameters:    Size  Location     Type
   258 ;;		None
   259 ;; Auto vars:     Size  Location     Type
   260 ;;		None
   261 ;; Return value:  Size  Location     Type
   262 ;;                  1    wreg      void 
   263 ;; Registers used:
   264 ;;		wreg, status,2
   265 ;; Tracked objects:
   266 ;;		On entry : 0/0
   267 ;;		On exit  : 0/0
   268 ;;		Unchanged: 0/0
   269 ;; Data sizes:     COMRAM   BANK0   BANK1   BANK2   BANK3   BANK4   BANK5   BANK6   BANK7   BANK8   BANK9  BANK10  BANK1
      +1  BANK12  BANK13  BANK14  BANK15
   270 ;;      Params:         0       0       0       0       0       0       0       0       0       0       0       0       
      +0       0       0       0       0
   271 ;;      Locals:         0       0       0       0       0       0       0       0       0       0       0       0       
      +0       0       0       0       0
   272 ;;      Temps:          0       0       0       0       0       0       0       0       0       0       0       0       
      +0       0       0       0       0
   273 ;;      Totals:         0       0       0       0       0       0       0       0       0       0       0       0       
      +0       0       0       0       0
   274 ;;Total ram usage:        0 bytes
   275 ;; Hardware stack levels used:    1
   276 ;; This function calls:
   277 ;;		Nothing
   278 ;; This function is called by:
   279 ;;		_main
   280 ;; This function uses a non-reentrant model
   281 ;;
   282                           
   283                           	psect	text2
   284  01FCC0                     __ptext2:
   285                           	opt callstack 0
   286  01FCC0                     _init:
   287                           	opt callstack 30
   288                           
   289                           ;tn_01.c: 10: }
   290                           
   291                           ;incstack = 0
   292  01FCC0  0E0F               	movlw	15
   293  01FCC2  6EC1               	movwf	4033,c	;volatile
   294                           
   295                           ;tn_01.c: 11: 
   296  01FCC4  0E00               	movlw	0
   297  01FCC6  6E95               	movwf	3989,c	;volatile
   298                           
   299                           ;tn_01.c: 12: void xuly()
   300  01FCC8  0E00               	movlw	0
   301  01FCCA  6E8C               	movwf	3980,c	;volatile
   302                           
   303                           ;tn_01.c: 13: {
   304  01FCCC  8A92               	bsf	3986,5,c	;volatile
   305  01FCCE  0012               	return		;funcret
   306  01FCD0                     __end_of_init:
   307                           	opt callstack 0
   308  0000                     
   309                           	psect	rparam
   310  0000                     tosu	equ	0xFFF
   311                           tosh	equ	0xFFE
   312                           tosl	equ	0xFFD
   313                           stkptr	equ	0xFFC
   314                           pclatu	equ	0xFFB
   315                           pclath	equ	0xFFA
   316                           pcl	equ	0xFF9
   317                           tblptru	equ	0xFF8
   318                           tblptrh	equ	0xFF7
   319                           tblptrl	equ	0xFF6
   320                           tablat	equ	0xFF5
   321                           prodh	equ	0xFF4
   322                           prodl	equ	0xFF3
   323                           indf0	equ	0xFEF
   324                           postinc0	equ	0xFEE
   325                           postdec0	equ	0xFED
   326                           preinc0	equ	0xFEC
   327                           plusw0	equ	0xFEB
   328                           fsr0h	equ	0xFEA
   329                           fsr0l	equ	0xFE9
   330                           wreg	equ	0xFE8
   331                           indf1	equ	0xFE7
   332                           postinc1	equ	0xFE6
   333                           postdec1	equ	0xFE5
   334                           preinc1	equ	0xFE4
   335                           plusw1	equ	0xFE3
   336                           fsr1h	equ	0xFE2
   337                           fsr1l	equ	0xFE1
   338                           bsr	equ	0xFE0
   339                           indf2	equ	0xFDF
   340                           postinc2	equ	0xFDE
   341                           postdec2	equ	0xFDD
   342                           preinc2	equ	0xFDC
   343                           plusw2	equ	0xFDB
   344                           fsr2h	equ	0xFDA
   345                           fsr2l	equ	0xFD9
   346                           status	equ	0xFD8


Data Sizes:
    Strings     0
    Constant    0
    Data        5
    BSS         2
    Persistent  0
    Stack       0

Auto Spaces:
    Space          Size  Autos    Used
    COMRAM           95      0       7
    BANK0           160      0       0
    BANK1           256      0       0
    BANK2           256      0       0
    BANK3           256      0       0
    BANK4           256      0       0
    BANK5           256      0       0
    BANK6           256      0       0
    BANK7           256      0       0
    BANK8           256      0       0
    BANK9           256      0       0
    BANK10          256      0       0
    BANK11          256      0       0
    BANK12          256      0       0
    BANK13          256      0       0
    BANK14          244      0       0
    BANK15           96      0       0

Pointer List with Targets:

    None.

Critical Paths under _main in COMRAM

    None.

Critical Paths under _main in BANK0

    None.

Critical Paths under _main in BANK1

    None.

Critical Paths under _main in BANK2

    None.

Critical Paths under _main in BANK3

    None.

Critical Paths under _main in BANK4

    None.

Critical Paths under _main in BANK5

    None.

Critical Paths under _main in BANK6

    None.

Critical Paths under _main in BANK7

    None.

Critical Paths under _main in BANK8

    None.

Critical Paths under _main in BANK9

    None.

Critical Paths under _main in BANK10

    None.

Critical Paths under _main in BANK11

    None.

Critical Paths under _main in BANK12

    None.

Critical Paths under _main in BANK13

    None.

Critical Paths under _main in BANK14

    None.

Critical Paths under _main in BANK15

    None.

Call Graph Tables:

 ---------------------------------------------------------------------------------
 (Depth) Function   	        Calls       Base Space   Used Autos Params    Refs
 ---------------------------------------------------------------------------------
 (0) _main                                                 0     0      0       0
                               _init
                               _xuly
 ---------------------------------------------------------------------------------
 (1) _xuly                                                 1     1      0       0
 ---------------------------------------------------------------------------------
 (1) _init                                                 0     0      0       0
 ---------------------------------------------------------------------------------
 Estimated maximum stack depth 1
 ---------------------------------------------------------------------------------

 Call Graph Graphs:

 _main (ROOT)
   _init
   _xuly

 Address spaces:
Name               Size   Autos  Total    Cost      Usage
BIGRAM             EF3      0       0      38        0.0%
EEDATA             400      0       0       0        0.0%
BITBANK13          100      0       0      31        0.0%
BANK13             100      0       0      32        0.0%
BITBANK12          100      0       0      29        0.0%
BANK12             100      0       0      30        0.0%
BITBANK11          100      0       0      27        0.0%
BANK11             100      0       0      28        0.0%
BITBANK10          100      0       0      25        0.0%
BANK10             100      0       0      26        0.0%
BITBANK9           100      0       0      23        0.0%
BANK9              100      0       0      24        0.0%
BITBANK8           100      0       0      21        0.0%
BANK8              100      0       0      22        0.0%
BITBANK7           100      0       0      19        0.0%
BANK7              100      0       0      20        0.0%
BITBANK6           100      0       0      17        0.0%
BANK6              100      0       0      18        0.0%
BITBANK5           100      0       0      15        0.0%
BANK5              100      0       0      16        0.0%
BITBANK4           100      0       0      13        0.0%
BANK4              100      0       0      14        0.0%
BITBANK3           100      0       0      11        0.0%
BANK3              100      0       0      12        0.0%
BITBANK2           100      0       0       9        0.0%
BANK2              100      0       0      10        0.0%
BITBANK1           100      0       0       7        0.0%
BANK1              100      0       0       8        0.0%
BITBANK14           F4      0       0      33        0.0%
BANK14              F4      0       0      34        0.0%
BITBANK0            A0      0       0       4        0.0%
BANK0               A0      0       0       5        0.0%
BITBANK15           60      0       0      35        0.0%
BANK15              60      0       0      36        0.0%
BIGRAM_1            60      0       0      37        0.0%
BITCOMRAM           5F      0       0       0        0.0%
COMRAM              5F      0       7       1        7.4%
BITSFR_5             0      0       0     200        0.0%
SFR_5                0      0       0     200        0.0%
BITSFR_4             0      0       0     200        0.0%
SFR_4                0      0       0     200        0.0%
BITSFR_3             0      0       0     200        0.0%
SFR_3                0      0       0     200        0.0%
BITSFR_2             0      0       0     200        0.0%
SFR_2                0      0       0     200        0.0%
BITSFR_1             0      0       0     200        0.0%
SFR_1                0      0       0     200        0.0%
BITSFR               0      0       0     200        0.0%
SFR                  0      0       0     200        0.0%
STACK                0      0       0       2        0.0%
NULL                 0      0       0       0        0.0%
ABS                  0      0       7       6        0.0%
DATA                 0      0       7       3        0.0%
CODE                 0      0       0       0        0.0%


Microchip Technology PIC18 Macro Assembler V2.05 build -831301201 
Symbol Table                                                                                   Tue Sep 17 14:06:49 2019

                     l23 FD12                       l27 FD2A              __CFG_OSC$HS 000000  
                    l732 FCBA                      l728 FD1A                      _dem 0007  
                    _led 000F8C             __CFG_LVP$OFF 000000             __CFG_WDT$OFF 000000  
                   _main FCB6                     _init FCC0                     _tang 0006  
                   indf2 000FDF                     fsr1l 000FE1                     fsr2l 000FD9  
                   _xuly FCFA                     start 0000             ___param_bank 000000  
                  ?_main 0000                    ?_init 0000                    ?_xuly 0000  
                  _TRISD 000F95                    tablat 000FF5                    status 000FD8  
        __initialization FCD0             __end_of_main FCC0             __end_of_init FCD0  
           __end_of_xuly FD30                   ??_main 0000                   ??_init 0000  
                 ??_xuly 0000            __activetblptr 000000                   _ADCON1 000FC1  
                 _dulieu 0001             __pdataCOMRAM 0001                   tblptrh 000FF7  
                 tblptrl 000FF6                   tblptru 000FF8               __accesstop 0060  
__end_of__initialization FCF4            ___rparam_used 000001           __pcstackCOMRAM 0000  
                __Hparam 0000                  __Lparam 0000                  __pcinit FCD0  
                __ramtop 1000                  __ptext0 FCB6                  __ptext1 FCFA  
                __ptext2 FCC0     end_of_initialization FCF4                  postdec1 000FE5  
                postinc0 000FEE                _PORTAbits 000F80                _TRISAbits 000F92  
          __pidataCOMRAM FCB1      start_initialization FCD0              __pbssCOMRAM 0006  
              copy_data0 FCE4                 __Hrparam 0000                 __Lrparam 0000  
          __size_of_main 000A            __size_of_init 0010            __size_of_xuly 0036  
