

Microchip MPLAB XC8 Assembler V2.05 build -831301201 
                                                                                               Mon Nov 11 13:06:02 2019

Microchip MPLAB XC8 C Compiler v2.05 (Free license) build 20181220022703 Og1 
     1                           	processor	18F8722
     2                           	fnconf	rparam,??,?,0
     3                           	opt	pw 120
     4                           	opt	flic
     5                           	psect	text0,global,reloc=2,class=CODE,delta=1
     6                           	psect	cinit,global,reloc=2,class=CODE,delta=1
     7                           	psect	cstackCOMRAM,global,class=COMRAM,space=1,delta=1,noexec
     8                           	psect	text1,global,reloc=2,class=CODE,delta=1
     9                           	psect	intsave_regs,global,class=BIGRAM,space=1,delta=1,noexec
    10                           	psect	rparam,global,class=COMRAM,space=1,delta=1,noexec
    11  0000                     
    12                           ; Version 2.05
    13                           ; Generated 20/12/2018 GMT
    14                           ; 
    15                           ; Copyright © 2018, Microchip Technology Inc. and its subsidiaries ("Microchip")
    16                           ; All rights reserved.
    17                           ; 
    18                           ; This software is developed by Microchip Technology Inc. and its subsidiaries ("Microch
      +                          ip").
    19                           ; 
    20                           ; Redistribution and use in source and binary forms, with or without modification, are
    21                           ; permitted provided that the following conditions are met:
    22                           ; 
    23                           ;     1. Redistributions of source code must retain the above copyright notice, this lis
      +                          t of
    24                           ;        conditions and the following disclaimer.
    25                           ; 
    26                           ;     2. Redistributions in binary form must reproduce the above copyright notice, this 
      +                          list
    27                           ;        of conditions and the following disclaimer in the documentation and/or other
    28                           ;        materials provided with the distribution.
    29                           ; 
    30                           ;     3. Microchip's name may not be used to endorse or promote products derived from th
      +                          is
    31                           ;        software without specific prior written permission.
    32                           ; 
    33                           ; THIS SOFTWARE IS PROVIDED BY MICROCHIP "AS IS" AND ANY EXPRESS OR IMPLIED WARRANTIES,
    34                           ; INCLUDING, BUT NOT LIMITED TO, THE IMPLIED WARRANTIES OF MERCHANTABILITY AND FITNESS F
      +                          OR
    35                           ; PURPOSE ARE DISCLAIMED.  IN NO EVENT SHALL MICROCHIP BE LIABLE FOR ANY DIRECT, INDIREC
      +                          T,
    36                           ; INCIDENTAL, SPECIAL, EXEMPLARY, OR CONSEQUENTIAL DAMAGES (INCLUDING BUT NOT LIMITED TO
    37                           ; PROCUREMENT OF SUBSTITUTE GOODS OR SERVICES; LOSS OF USE, DATA OR PROFITS; OR BUSINESS
    38                           ; INTERRUPTION) HOWSOEVER CAUSED AND ON ANY THEORY OF LIABILITY, WHETHER IN CONTRACT, ST
      +                          RICT
    39                           ; LIABILITY, OR TORT (INCLUDING NEGLIGENCE OR OTHERWISE) ARISING IN ANY WAY OUT OF THE U
      +                          SE OF
    40                           ; THIS SOFTWARE, EVEN IF ADVISED OF THE POSSIBILITY OF SUCH DAMAGE.
    41                           ; 
    42                           ; 
    43                           ; Code-generator required, PIC18F8722 Definitions
    44                           ; 
    45                           ; SFR Addresses
    46  0000                     
    47                           ; 1 bytes @ 0x0
    48 ;;
    49 ;;Main: autosize = 0, tempsize = 0, incstack = 0, save=0
    50 ;;
    51 ;; *************** function _main *****************
    52 ;; Defined at:
    53 ;;		line 27 in file "Tn06.c"
    54 ;; Parameters:    Size  Location     Type
    55 ;;		None
    56 ;; Auto vars:     Size  Location     Type
    57 ;;		None
    58 ;; Return value:  Size  Location     Type
    59 ;;                  1    wreg      void 
    60 ;; Registers used:
    61 ;;		wreg, status,2, cstack
    62 ;; Tracked objects:
    63 ;;		On entry : 0/0
    64 ;;		On exit  : 0/0
    65 ;;		Unchanged: 0/0
    66 ;; Data sizes:     COMRAM   BANK0   BANK1   BANK2   BANK3   BANK4   BANK5   BANK6   BANK7   BANK8   BANK9  BANK10  BANK1
      +1  BANK12  BANK13  BANK14  BANK15
    67 ;;      Params:         0       0       0       0       0       0       0       0       0       0       0       0       
      +0       0       0       0       0
    68 ;;      Locals:         0       0       0       0       0       0       0       0       0       0       0       0       
      +0       0       0       0       0
    69 ;;      Temps:          0       0       0       0       0       0       0       0       0       0       0       0       
      +0       0       0       0       0
    70 ;;      Totals:         0       0       0       0       0       0       0       0       0       0       0       0       
      +0       0       0       0       0
    71 ;;Total ram usage:        0 bytes
    72 ;; Hardware stack levels required when called:    1
    73 ;; This function calls:
    74 ;;		_init
    75 ;; This function is called by:
    76 ;;		Startup code after reset
    77 ;; This function uses a non-reentrant model
    78 ;;
    79                           
    80                           	psect	text0
    81  01FFE0                     __ptext0:
    82                           	opt callstack 0
    83  0000                     _ADCON1	set	4033
    84  0000                     
    85                           ; #config settings
    86  01FFE0                     _main:
    87                           	opt callstack 30
    88                           
    89                           ;Tn06.c: 29:     init();
    90                           
    91                           ;incstack = 0
    92  01FFE0  ECF7  F0FF         	call	_init	;wreg free
    93                           
    94                           ;Tn06.c: 30:     keyout = 0b01111111;
    95  01FFE4  0E7F               	movlw	127
    96  01FFE6  6E8A               	movwf	3978,c	;volatile
    97  01FFE8                     l705:
    98  01FFE8  CF81 FF8C          	movff	3969,3980	;volatile
    99  01FFEC  D7FD               	goto	l705
   100  01FFEE                     __end_of_main:
   101                           	opt callstack 0
   102                           
   103                           	psect	cinit
   104  01FFDA                     __pcinit:
   105                           	opt callstack 0
   106  01FFDA                     start_initialization:
   107                           	opt callstack 0
   108  01FFDA                     __initialization:
   109                           	opt callstack 0
   110  01FFDA                     end_of_initialization:
   111                           	opt callstack 0
   112  01FFDA                     __end_of__initialization:
   113                           	opt callstack 0
   114  01FFDA  0100               	movlb	0
   115  01FFDC  EFF0  F0FF         	goto	_main	;jump to C main() function
   116                           
   117                           	psect	cstackCOMRAM
   118  000000                     __pcstackCOMRAM:
   119                           	opt callstack 0
   120  000000                     
   121 ;; *************** function _init *****************
   122 ;; Defined at:
   123 ;;		line 19 in file "Tn06.c"
   124 ;; Parameters:    Size  Location     Type
   125 ;;		None
   126 ;; Auto vars:     Size  Location     Type
   127 ;;		None
   128 ;; Return value:  Size  Location     Type
   129 ;;                  1    wreg      void 
   130 ;; Registers used:
   131 ;;		wreg, status,2
   132 ;; Tracked objects:
   133 ;;		On entry : 0/0
   134 ;;		On exit  : 0/0
   135 ;;		Unchanged: 0/0
   136 ;; Data sizes:     COMRAM   BANK0   BANK1   BANK2   BANK3   BANK4   BANK5   BANK6   BANK7   BANK8   BANK9  BANK10  BANK1
      +1  BANK12  BANK13  BANK14  BANK15
   137 ;;      Params:         0       0       0       0       0       0       0       0       0       0       0       0       
      +0       0       0       0       0
   138 ;;      Locals:         0       0       0       0       0       0       0       0       0       0       0       0       
      +0       0       0       0       0
   139 ;;      Temps:          0       0       0       0       0       0       0       0       0       0       0       0       
      +0       0       0       0       0
   140 ;;      Totals:         0       0       0       0       0       0       0       0       0       0       0       0       
      +0       0       0       0       0
   141 ;;Total ram usage:        0 bytes
   142 ;; Hardware stack levels used:    1
   143 ;; This function calls:
   144 ;;		Nothing
   145 ;; This function is called by:
   146 ;;		_main
   147 ;; This function uses a non-reentrant model
   148 ;;
   149                           
   150                           	psect	text1
   151  01FFEE                     __ptext1:
   152                           	opt callstack 0
   153  01FFEE                     _init:
   154                           	opt callstack 30
   155                           
   156                           ;Tn06.c: 21:     ADCON1 = 0x0F;
   157                           
   158                           ;incstack = 0
   159  01FFEE  0E0F               	movlw	15
   160  01FFF0  6EC1               	movwf	4033,c	;volatile
   161                           
   162                           ;Tn06.c: 22:     key_io = 0x0F;
   163  01FFF2  0E0F               	movlw	15
   164  01FFF4  6E93               	movwf	3987,c	;volatile
   165                           
   166                           ;Tn06.c: 23:     led_io = 0;
   167  01FFF6  0E00               	movlw	0
   168  01FFF8  6E95               	movwf	3989,c	;volatile
   169                           
   170                           ;Tn06.c: 24:     led = 0;
   171  01FFFA  0E00               	movlw	0
   172  01FFFC  6E8C               	movwf	3980,c	;volatile
   173  01FFFE  0012               	return		;funcret
   174  020000                     __end_of_init:
   175                           	opt callstack 0
   176  0000                     
   177                           	psect	rparam
   178  0000                     tosu	equ	0xFFF
   179                           tosh	equ	0xFFE
   180                           tosl	equ	0xFFD
   181                           stkptr	equ	0xFFC
   182                           pclatu	equ	0xFFB
   183                           pclath	equ	0xFFA
   184                           pcl	equ	0xFF9
   185                           tblptru	equ	0xFF8
   186                           tblptrh	equ	0xFF7
   187                           tblptrl	equ	0xFF6
   188                           tablat	equ	0xFF5
   189                           prodh	equ	0xFF4
   190                           prodl	equ	0xFF3
   191                           indf0	equ	0xFEF
   192                           postinc0	equ	0xFEE
   193                           postdec0	equ	0xFED
   194                           preinc0	equ	0xFEC
   195                           plusw0	equ	0xFEB
   196                           fsr0h	equ	0xFEA
   197                           fsr0l	equ	0xFE9
   198                           wreg	equ	0xFE8
   199                           indf1	equ	0xFE7
   200                           postinc1	equ	0xFE6
   201                           postdec1	equ	0xFE5
   202                           preinc1	equ	0xFE4
   203                           plusw1	equ	0xFE3
   204                           fsr1h	equ	0xFE2
   205                           fsr1l	equ	0xFE1
   206                           bsr	equ	0xFE0
   207                           indf2	equ	0xFDF
   208                           postinc2	equ	0xFDE
   209                           postdec2	equ	0xFDD
   210                           preinc2	equ	0xFDC
   211                           plusw2	equ	0xFDB
   212                           fsr2h	equ	0xFDA
   213                           fsr2l	equ	0xFD9
   214                           status	equ	0xFD8


Data Sizes:
    Strings     0
    Constant    0
    Data        0
    BSS         0
    Persistent  0
    Stack       0

Auto Spaces:
    Space          Size  Autos    Used
    COMRAM           95      0       0
    BANK0           160      0       0
    BANK1           256      0       0
    BANK2           256      0       0
    BANK3           256      0       0
    BANK4           256      0       0
    BANK5           256      0       0
    BANK6           256      0       0
    BANK7           256      0       0
    BANK8           256      0       0
    BANK9           256      0       0
    BANK10          256      0       0
    BANK11          256      0       0
    BANK12          256      0       0
    BANK13          256      0       0
    BANK14          256      0       0
    BANK15           96      0       0

Pointer List with Targets:

    None.

Critical Paths under _main in COMRAM

    None.

Critical Paths under _main in BANK0

    None.

Critical Paths under _main in BANK1

    None.

Critical Paths under _main in BANK2

    None.

Critical Paths under _main in BANK3

    None.

Critical Paths under _main in BANK4

    None.

Critical Paths under _main in BANK5

    None.

Critical Paths under _main in BANK6

    None.

Critical Paths under _main in BANK7

    None.

Critical Paths under _main in BANK8

    None.

Critical Paths under _main in BANK9

    None.

Critical Paths under _main in BANK10

    None.

Critical Paths under _main in BANK11

    None.

Critical Paths under _main in BANK12

    None.

Critical Paths under _main in BANK13

    None.

Critical Paths under _main in BANK14

    None.

Critical Paths under _main in BANK15

    None.

Call Graph Tables:

 ---------------------------------------------------------------------------------
 (Depth) Function   	        Calls       Base Space   Used Autos Params    Refs
 ---------------------------------------------------------------------------------
 (0) _main                                                 0     0      0       0
                               _init
 ---------------------------------------------------------------------------------
 (1) _init                                                 0     0      0       0
 ---------------------------------------------------------------------------------
 Estimated maximum stack depth 1
 ---------------------------------------------------------------------------------

 Call Graph Graphs:

 _main (ROOT)
   _init

 Address spaces:
Name               Size   Autos  Total    Cost      Usage
BITCOMRAM           5F      0       0       0        0.0%
EEDATA             400      0       0       0        0.0%
NULL                 0      0       0       0        0.0%
CODE                 0      0       0       0        0.0%
COMRAM              5F      0       0       1        0.0%
STACK                0      0       0       2        0.0%
DATA                 0      0       0       3        0.0%
BITBANK0            A0      0       0       4        0.0%
BANK0               A0      0       0       5        0.0%
BITBANK1           100      0       0       6        0.0%
BANK1              100      0       0       7        0.0%
BITBANK2           100      0       0       8        0.0%
BANK2              100      0       0       9        0.0%
BITBANK3           100      0       0      10        0.0%
BANK3              100      0       0      11        0.0%
BITBANK4           100      0       0      12        0.0%
BANK4              100      0       0      13        0.0%
BITBANK5           100      0       0      14        0.0%
BANK5              100      0       0      15        0.0%
BITBANK6           100      0       0      16        0.0%
BANK6              100      0       0      17        0.0%
BITBANK7           100      0       0      18        0.0%
BANK7              100      0       0      19        0.0%
BITBANK8           100      0       0      20        0.0%
BANK8              100      0       0      21        0.0%
BITBANK9           100      0       0      22        0.0%
BANK9              100      0       0      23        0.0%
BITBANK10          100      0       0      24        0.0%
BANK10             100      0       0      25        0.0%
BITBANK11          100      0       0      26        0.0%
BANK11             100      0       0      27        0.0%
BITBANK12          100      0       0      28        0.0%
BANK12             100      0       0      29        0.0%
BITBANK13          100      0       0      30        0.0%
BANK13             100      0       0      31        0.0%
ABS                  0      0       0      32        0.0%
BITBANK14          100      0       0      33        0.0%
BANK14             100      0       0      34        0.0%
BITBANK15           60      0       0      35        0.0%
BANK15              60      0       0      36        0.0%
BIGRAM             F5F      0       0      37        0.0%
BITSFR               0      0       0     200        0.0%
SFR                  0      0       0     200        0.0%


Microchip Technology PIC18 Macro Assembler V2.05 build -831301201 
Symbol Table                                                                                   Mon Nov 11 13:06:02 2019

            __CFG_OSC$HS 000000                      l705 FFE8                      _led 000F8C  
           __CFG_LVP$OFF 000000             __CFG_WDT$OFF 000000                     _main FFE0  
                   _init FFEE                     start 0000             ___param_bank 000000  
                  ?_main 0000                    ?_init 0000                    _keyin 000F81  
        __initialization FFDA             __end_of_main FFEE             __end_of_init 0000  
                 ??_main 0000                   ??_init 0000            __activetblptr 000000  
                 _ADCON1 000FC1                   _led_io 000F95                   _key_io 000F93  
                 _keyout 000F8A               __accesstop 0060  __end_of__initialization FFDA  
          ___rparam_used 000001           __pcstackCOMRAM 0000                  __Hparam 0000  
                __Lparam 0000                  __pcinit FFDA                  __ramtop 1000  
                __ptext0 FFE0                  __ptext1 FFEE     end_of_initialization FFDA  
    start_initialization FFDA                 __Hrparam 0000                 __Lrparam 0000  
          __size_of_main 000E            __size_of_init 0012  
